<?xml version="1.0" encoding="UTF-8"?>
<testsuite name="com.test.MatrixMathematicsTest" tests="1" skipped="0" failures="0" errors="0" timestamp="2020-01-30T21:50:10" hostname="LAPTOP-TTPA8Q8I" time="0.007">
  <properties/>
  <testcase name="testCofactor" classname="com.test.MatrixMathematicsTest" time="0.007"/>
  <system-out><![CDATA[]]></system-out>
  <system-err><![CDATA[]]></system-err>
</testsuite>
