<?xml version="1.0" encoding="UTF-8"?>
<testsuite name="com.test.MatrixMathematicsTest" tests="4" skipped="0" failures="0" errors="0" timestamp="2020-02-01T23:04:32" hostname="LAPTOP-TTPA8Q8I" time="0.011">
  <properties/>
  <testcase name="testDeterminant" classname="com.test.MatrixMathematicsTest" time="0.006"/>
  <testcase name="testCofactor" classname="com.test.MatrixMathematicsTest" time="0.002"/>
  <testcase name="testDeterminantCarre" classname="com.test.MatrixMathematicsTest" time="0.0"/>
  <testcase name="testTranspose" classname="com.test.MatrixMathematicsTest" time="0.001"/>
  <system-out><![CDATA[]]></system-out>
  <system-err><![CDATA[]]></system-err>
</testsuite>
