<?xml version="1.0" encoding="UTF-8"?>
<testsuite name="com.test.MatrixMathematicsTest" tests="1" skipped="0" failures="0" errors="0" timestamp="2020-01-30T21:53:44" hostname="LAPTOP-TTPA8Q8I" time="0.006">
  <properties/>
  <testcase name="testTranspose" classname="com.test.MatrixMathematicsTest" time="0.006"/>
  <system-out><![CDATA[]]></system-out>
  <system-err><![CDATA[]]></system-err>
</testsuite>
