<?xml version="1.0" encoding="UTF-8"?>
<testsuite name="com.test.MatrixMathematicsTest" tests="4" skipped="0" failures="0" errors="0" timestamp="2020-01-30T22:00:13" hostname="LAPTOP-TTPA8Q8I" time="0.005">
  <properties/>
  <testcase name="testDeterminant" classname="com.test.MatrixMathematicsTest" time="0.003"/>
  <testcase name="testCofactor" classname="com.test.MatrixMathematicsTest" time="0.002"/>
  <testcase name="testDeterminantCarre" classname="com.test.MatrixMathematicsTest" time="0.0"/>
  <testcase name="testTranspose" classname="com.test.MatrixMathematicsTest" time="0.0"/>
  <system-out><![CDATA[]]></system-out>
  <system-err><![CDATA[]]></system-err>
</testsuite>
